app/build/outputs/logs/manifest-merger-debug-report.txt
-- Merging decision tree log ---
manifest
ADDED from src\main\AndroidManifest.xml:2:1-117:12
	package
		ADDED from src\main\AndroidManifest.xml:3:5-26
		INJECTED from src\main\AndroidManifest.xml
		INJECTED from src\main\AndroidManifest.xml
	android:versionName
		ADDED from src\main\AndroidManifest.xml:5:5-32
		INJECTED from src\main\AndroidManifest.xml
		INJECTED from src\main\AndroidManifest.xml
	android:versionCode
		ADDED from src\main\AndroidManifest.xml:4:5-29
		INJECTED from src\main\AndroidManifest.xml
		INJECTED from src\main\AndroidManifest.xml
	xmlns:android
		ADDED from src\main\AndroidManifest.xml:2:11-69
uses-sdk
ADDED from src\main\AndroidManifest.xml:7:5-72
	android:targetSdkVersion
		ADDED from src\main\AndroidManifest.xml:7:41-70
		INJECTED from src\main\AndroidManifest.xml
		INJECTED from src\main\AndroidManifest.xml
	android:minSdkVersion
		ADDED from src\main\AndroidManifest.xml:7:15-40
		INJECTED from src\main\AndroidManifest.xml
		INJECTED from src\main\AndroidManifest.xml
uses-permission#android.permission.INTERNET
ADDED from src\main\AndroidManifest.xml:9:5-66
	android:name
		ADDED from src\main\AndroidManifest.xml:9:22-64
uses-permission#android.permission.READ_PHONE_STATE
ADDED from src\main\AndroidManifest.xml:10:5-75
	android:name
		ADDED from src\main\AndroidManifest.xml:10:22-72
uses-permission#android.permission.ACCESS_NETWORK_STATE
ADDED from src\main\AndroidManifest.xml:11:5-79
	android:name
		ADDED from src\main\AndroidManifest.xml:11:22-76
uses-permission#android.permission.RECEIVE_BOOT_COMPLETED
ADDED from src\main\AndroidManifest.xml:12:5-81
	android:name
		ADDED from src\main\AndroidManifest.xml:12:22-78
uses-permission#android.permission.WRITE_SETTINGS
ADDED from src\main\AndroidManifest.xml:13:5-73
	android:name
		ADDED from src\main\AndroidManifest.xml:13:22-70
uses-permission#android.permission.VIBRATE
ADDED from src\main\AndroidManifest.xml:14:5-66
	android:name
		ADDED from src\main\AndroidManifest.xml:14:22-63
uses-permission#android.permission.WRITE_EXTERNAL_STORAGE
ADDED from src\main\AndroidManifest.xml:15:5-81
	android:name
		ADDED from src\main\AndroidManifest.xml:15:22-78
uses-permission#android.permission.ACCESS_DOWNLOAD_MANAGER
ADDED from src\main\AndroidManifest.xml:16:5-81
	android:name
		ADDED from src\main\AndroidManifest.xml:16:22-79
uses-permission#android.permission.DOWNLOAD_WITHOUT_NOTIFICATION
ADDED from src\main\AndroidManifest.xml:17:5-88
	android:name
		ADDED from src\main\AndroidManifest.xml:17:22-85
uses-permission#android.permission.DISABLE_KEYGUARD
ADDED from src\main\AndroidManifest.xml:18:5-75
	android:name
		ADDED from src\main\AndroidManifest.xml:18:22-72
uses-permission#android.permission.ACCESS_COARSE_LOCATION
ADDED from src\main\AndroidManifest.xml:19:5-81
	android:name
		ADDED from src\main\AndroidManifest.xml:19:22-78
uses-permission#android.permission.ACCESS_WIFI_STATE
ADDED from src\main\AndroidManifest.xml:20:5-76
	android:name
		ADDED from src\main\AndroidManifest.xml:20:22-73
application
ADDED from src\main\AndroidManifest.xml:22:5-115:19
	android:label
		ADDED from src\main\AndroidManifest.xml:24:9-41
	android:icon
		ADDED from src\main\AndroidManifest.xml:23:9-45
activity#com.baidu.push.example.PushDemoActivity
ADDED from src\main\AndroidManifest.xml:25:9-34:20
	android:screenOrientation
		ADDED from src\main\AndroidManifest.xml:28:13-49
	android:label
		ADDED from src\main\AndroidManifest.xml:29:13-45
	android:launchMode
		ADDED from src\main\AndroidManifest.xml:27:13-44
	android:name
		ADDED from src\main\AndroidManifest.xml:26:13-67
intent-filter#android.intent.action.MAIN+android.intent.category.LAUNCHER
ADDED from src\main\AndroidManifest.xml:30:13-33:29
action#android.intent.action.MAIN
ADDED from src\main\AndroidManifest.xml:31:17-69
	android:name
		ADDED from src\main\AndroidManifest.xml:31:25-66
category#android.intent.category.LAUNCHER
ADDED from src\main\AndroidManifest.xml:32:17-77
	android:name
		ADDED from src\main\AndroidManifest.xml:32:27-74
activity#com.baidu.push.example.LoginActivity
ADDED from src\main\AndroidManifest.xml:35:9-39:20
	android:label
		ADDED from src\main\AndroidManifest.xml:38:13-42
	android:configChanges
		ADDED from src\main\AndroidManifest.xml:37:13-63
	android:name
		ADDED from src\main\AndroidManifest.xml:36:13-64
activity#com.baidu.push.example.CustomActivity
ADDED from src\main\AndroidManifest.xml:41:9-45:20
	android:launchMode
		ADDED from src\main\AndroidManifest.xml:43:13-44
	android:configChanges
		ADDED from src\main\AndroidManifest.xml:44:13-63
	android:name
		ADDED from src\main\AndroidManifest.xml:42:13-65
activity#com.baidu.android.pushservice.richmedia.MediaViewActivity
ADDED from src\main\AndroidManifest.xml:48:9-52:20
	android:label
		ADDED from src\main\AndroidManifest.xml:51:13-46
	android:configChanges
		ADDED from src\main\AndroidManifest.xml:50:13-63
	android:name
		ADDED from src\main\AndroidManifest.xml:49:13-85
activity#com.baidu.android.pushservice.richmedia.MediaListActivity
ADDED from src\main\AndroidManifest.xml:53:9-58:20
	android:label
		ADDED from src\main\AndroidManifest.xml:56:13-46
	android:launchMode
		ADDED from src\main\AndroidManifest.xml:57:13-44
	android:configChanges
		ADDED from src\main\AndroidManifest.xml:55:13-63
	android:name
		ADDED from src\main\AndroidManifest.xml:54:13-85
receiver#com.baidu.push.example.MyPushMessageReceiver
ADDED from src\main\AndroidManifest.xml:62:9-71:20
	android:name
		ADDED from src\main\AndroidManifest.xml:62:19-78
intent-filter#com.baidu.android.pushservice.action.MESSAGE+com.baidu.android.pushservice.action.RECEIVE+com.baidu.android.pushservice.action.notification.CLICK
ADDED from src\main\AndroidManifest.xml:63:13-70:29
action#com.baidu.android.pushservice.action.MESSAGE
ADDED from src\main\AndroidManifest.xml:65:17-87
	android:name
		ADDED from src\main\AndroidManifest.xml:65:25-84
action#com.baidu.android.pushservice.action.RECEIVE
ADDED from src\main\AndroidManifest.xml:67:17-87
	android:name
		ADDED from src\main\AndroidManifest.xml:67:25-84
action#com.baidu.android.pushservice.action.notification.CLICK
ADDED from src\main\AndroidManifest.xml:69:17-98
	android:name
		ADDED from src\main\AndroidManifest.xml:69:25-95
receiver#com.baidu.android.pushservice.PushServiceReceiver
ADDED from src\main\AndroidManifest.xml:74:9-87:20
	android:process
		ADDED from src\main\AndroidManifest.xml:75:13-44
	android:name
		ADDED from src\main\AndroidManifest.xml:74:19-83
intent-filter#android.intent.action.ACTION_POWER_CONNECTED+android.intent.action.ACTION_POWER_DISCONNECTED+android.intent.action.BOOT_COMPLETED+android.intent.action.MEDIA_MOUNTED+android.intent.action.USER_PRESENT+android.net.conn.CONNECTIVITY_CHANGE+com.baidu.android.pushservice.action.media.CLICK+com.baidu.android.pushservice.action.notification.SHOW
ADDED from src\main\AndroidManifest.xml:76:13-86:29
action#android.intent.action.BOOT_COMPLETED
ADDED from src\main\AndroidManifest.xml:77:17-79
	android:name
		ADDED from src\main\AndroidManifest.xml:77:25-76
action#android.net.conn.CONNECTIVITY_CHANGE
ADDED from src\main\AndroidManifest.xml:78:17-79
	android:name
		ADDED from src\main\AndroidManifest.xml:78:25-76
action#com.baidu.android.pushservice.action.notification.SHOW
ADDED from src\main\AndroidManifest.xml:79:17-97
	android:name
		ADDED from src\main\AndroidManifest.xml:79:25-94
action#com.baidu.android.pushservice.action.media.CLICK
ADDED from src\main\AndroidManifest.xml:80:17-91
	android:name
		ADDED from src\main\AndroidManifest.xml:80:25-88
action#android.intent.action.MEDIA_MOUNTED
ADDED from src\main\AndroidManifest.xml:82:3-64
	android:name
		ADDED from src\main\AndroidManifest.xml:82:11-61
action#android.intent.action.USER_PRESENT
ADDED from src\main\AndroidManifest.xml:83:3-63
	android:name
		ADDED from src\main\AndroidManifest.xml:83:11-60
action#android.intent.action.ACTION_POWER_CONNECTED
ADDED from src\main\AndroidManifest.xml:84:3-73
	android:name
		ADDED from src\main\AndroidManifest.xml:84:11-70
action#android.intent.action.ACTION_POWER_DISCONNECTED
ADDED from src\main\AndroidManifest.xml:85:3-76
	android:name
		ADDED from src\main\AndroidManifest.xml:85:11-73
receiver#com.baidu.android.pushservice.RegistrationReceiver
ADDED from src\main\AndroidManifest.xml:89:9-99:20
	android:process
		ADDED from src\main\AndroidManifest.xml:90:13-44
	android:name
		ADDED from src\main\AndroidManifest.xml:89:19-84
intent-filter#com.baidu.android.pushservice.action.BIND_SYNC+com.baidu.android.pushservice.action.METHOD
ADDED from src\main\AndroidManifest.xml:91:13-94:29
action#com.baidu.android.pushservice.action.METHOD
ADDED from src\main\AndroidManifest.xml:92:17-86
	android:name
		ADDED from src\main\AndroidManifest.xml:92:25-83
action#com.baidu.android.pushservice.action.BIND_SYNC
ADDED from src\main\AndroidManifest.xml:93:17-89
	android:name
		ADDED from src\main\AndroidManifest.xml:93:25-86
intent-filter#android.intent.action.PACKAGE_REMOVED
ADDED from src\main\AndroidManifest.xml:95:13-98:29
action#android.intent.action.PACKAGE_REMOVED
ADDED from src\main\AndroidManifest.xml:96:17-79
	android:name
		ADDED from src\main\AndroidManifest.xml:96:25-77
data
ADDED from src\main\AndroidManifest.xml:97:17-50
	android:scheme
		ADDED from src\main\AndroidManifest.xml:97:23-47
service#com.baidu.android.pushservice.PushService
ADDED from src\main\AndroidManifest.xml:100:9-107:19
	android:process
		ADDED from src\main\AndroidManifest.xml:103:13-44
	android:exported
		ADDED from src\main\AndroidManifest.xml:102:13-36
	android:name
		ADDED from src\main\AndroidManifest.xml:101:13-69
intent-filter#com.baidu.android.pushservice.action.PUSH_SERVICE
ADDED from src\main\AndroidManifest.xml:104:13-106:29
action#com.baidu.android.pushservice.action.PUSH_SERVICE
ADDED from src\main\AndroidManifest.xml:105:17-92
	android:name
		ADDED from src\main\AndroidManifest.xml:105:25-89
service#com.baidu.android.pushservice.CommandService
ADDED from src\main\AndroidManifest.xml:109:2-110:39
	android:exported
		ADDED from src\main\AndroidManifest.xml:110:13-36
	android:name
		ADDED from src\main\AndroidManifest.xml:109:11-70
meta-data#api_key
ADDED from src\main\AndroidManifest.xml:114:9-86
	android:value
		ADDED from src\main\AndroidManifest.xml:114:43-83
	android:name
		ADDED from src\main\AndroidManifest.xml:114:20-42